2025-06-24 21:38:01 [@45545db7083a]
Externo #1: Executar PurgeLogs
2025-06-24 21:38:02 [@45545db7083a]
Externo #2: Executar checkAllUpdates
2025-06-24 21:38:03 [@45545db7083a]
Externo #3: Executar DomainsAlert
2025-06-24 21:38:03 [@45545db7083a]
Externo #4: Executar cleanorphans
2025-06-24 21:38:04 [@45545db7083a]
Externo #5: Executar pendingreason_autobump_autosolve
2025-06-24 21:40:02 [@45545db7083a]
Externo #1: Executar Cleanoldagents
2025-06-24 21:41:05 [@45545db7083a]
Interno #1: Executar createinquest
2025-06-24 21:42:01 [@45545db7083a]
Externo #1: Nada a ser executado
2025-06-24 21:44:01 [@45545db7083a]
Externo #1: Nada a ser executado
2025-06-24 21:46:01 [@45545db7083a]
Externo #1: Nada a ser executado
2025-06-24 21:46:11 [2@45545db7083a]
Interno #1: Executar watcher
2025-06-24 21:48:01 [@45545db7083a]
Externo #1: Nada a ser executado
2025-06-24 21:50:01 [@45545db7083a]
Externo #1: Nada a ser executado
2025-06-24 21:52:01 [@45545db7083a]
Externo #1: Nada a ser executado
